<?xml version="1.0" encoding="UTF-8" ?>
<testsuite tests="12" failures="0" name="com.ullink.slack.simpleslackapi.impl.TestAbstractSlackSessionImpl" time="0.042" errors="0" skipped="0">
  <properties>
    <property name="java.runtime.name" value="Java(TM) SE Runtime Environment"/>
    <property name="sun.boot.library.path" value="C:\Program Files\Java\jdk1.8.0_45\jre\bin"/>
    <property name="java.vm.version" value="25.45-b02"/>
    <property name="build.version" value="1.0.0-SNAPSHOT"/>
    <property name="java.vm.vendor" value="Oracle Corporation"/>
    <property name="maven.multiModuleProjectDirectory" value="E:\projects\simple-slack-api"/>
    <property name="java.vendor.url" value="http://java.oracle.com/"/>
    <property name="path.separator" value=";"/>
    <property name="guice.disable.misplaced.annotation.check" value="true"/>
    <property name="java.vm.name" value="Java HotSpot(TM) 64-Bit Server VM"/>
    <property name="file.encoding.pkg" value="sun.io"/>
    <property name="user.script" value=""/>
    <property name="user.country" value="US"/>
    <property name="sun.java.launcher" value="SUN_STANDARD"/>
    <property name="sun.os.patch.level" value=""/>
    <property name="java.vm.specification.name" value="Java Virtual Machine Specification"/>
    <property name="user.dir" value="E:\projects\simple-slack-api"/>
    <property name="java.runtime.version" value="1.8.0_45-b15"/>
    <property name="java.awt.graphicsenv" value="sun.awt.Win32GraphicsEnvironment"/>
    <property name="java.endorsed.dirs" value="C:\Program Files\Java\jdk1.8.0_45\jre\lib\endorsed"/>
    <property name="os.arch" value="amd64"/>
    <property name="java.io.tmpdir" value="C:\Users\Bobby\AppData\Local\Temp\"/>
    <property name="line.separator" value="
"/>
    <property name="java.vm.specification.vendor" value="Oracle Corporation"/>
    <property name="user.variant" value=""/>
    <property name="os.name" value="Windows 8.1"/>
    <property name="classworlds.conf" value="E:\Program Files\apache-maven\apache-maven-3.3.3\bin\..\bin\m2.conf"/>
    <property name="sun.jnu.encoding" value="Cp1252"/>
    <property name="java.library.path" value="C:\Program Files\Java\jdk1.8.0_45\bin;C:\WINDOWS\Sun\Java\bin;C:\WINDOWS\system32;C:\WINDOWS;E:\Program Files\conemu\ConEmu\Scripts;E:\Program Files\conemu\ConEmu\Scripts;E:\Program Files\conemu\ConEmu\Scripts;E:\Program Files\conemu;E:\Program Files\conemu\ConEmu;C:\Program Files\NVIDIA GPU Computing Toolkit\CUDA\v7.5\bin;C:\Program Files\NVIDIA GPU Computing Toolkit\CUDA\v7.5\libnvvp;C:\Program Files (x86)\Oculus\Support\oculus-runtime;C:\ProgramData\Oracle\Java\javapath;C:\Program Files (x86)\Intel\iCLS Client\;C:\Program Files\Intel\iCLS Client\;C:\Windows\system32;C:\Windows;C:\Windows\System32\Wbem;C:\Windows\System32\WindowsPowerShell\v1.0\;C:\Program Files\Intel\Intel(R) Management Engine Components\DAL;C:\Program Files\Intel\Intel(R) Management Engine Components\IPT;C:\Program Files (x86)\Intel\Intel(R) Management Engine Components\DAL;C:\Program Files (x86)\Intel\Intel(R) Management Engine Components\IPT;E:\Python27;E:\Python27\Scripts;E:\Mongo\bin;C:\Program Files\Java\jdk1.8.0_45;C:\Program Files (x86)\NVIDIA Corporation\PhysX\Common;C:\WINDOWS\system32;C:\WINDOWS;C:\WINDOWS\System32\Wbem;C:\WINDOWS\System32\WindowsPowerShell\v1.0\;E:\Program Files (x86)\nodejs\;C:\Program Files (x86)\Skype\Phone\;C:\Program Files (x86)\Windows Kits\8.1\Windows Performance Toolkit\;C:\Program Files\Microsoft SQL Server\110\Tools\Binn\;C:\Program Files (x86)\Microsoft SDKs\TypeScript\1.0\;C:\Program Files\Microsoft SQL Server\120\Tools\Binn\;C:\Program Files\Intel\WiFi\bin\;C:\Program Files\Common Files\Intel\WirelessCommon\;E:\Python3;E:\Python3\Scripts;E:\projects\postgres\bin\psql.exe;E:\projects\postgres\bin;E:\Program Files\Git;E:\Program Files\Git\bin;E:\Program Files\Git\usr\bin;E:\Program Files\Git\mingw64;E:\Program Files\Git\mingw64\bin;E:\Program Files\Git\mingw64\libexec\git-core;C:\Users\Bobby\Anaconda2;C:\Users\Bobby\Anaconda2\Scripts;C:\Users\Bobby\Anaconda2\Library\bin;E:\Python3\Scripts\;E:\Python3\;E:\Program Files\apache-maven\apache-maven-3.3.3;E:\Program Files\apache-maven\apache-maven-3.3.3\bin;C:\Users\Bobby\AppData\Local\atom\bin;E:\Program Files (x86)\phantomjs\phantomjs-2.0.0-windows\bin;E:\Program Files (x86)\phantomjs\phantomjs-2.0.0-windows;C:\Users\Bobby\AppData\Roaming\npm;C:\Program Files\Intel\WiFi\bin\;C:\Program Files\Common Files\Intel\WirelessCommon\;E:\projects\postgres\bin\psql.exe;E:\projects\jexboss\Nmap;."/>
    <property name="java.specification.name" value="Java Platform API Specification"/>
    <property name="java.class.version" value="52.0"/>
    <property name="sun.management.compiler" value="HotSpot 64-Bit Tiered Compilers"/>
    <property name="os.version" value="6.3"/>
    <property name="user.home" value="C:\Users\Bobby"/>
    <property name="user.timezone" value="America/New_York"/>
    <property name="java.awt.printerjob" value="sun.awt.windows.WPrinterJob"/>
    <property name="java.specification.version" value="1.8"/>
    <property name="file.encoding" value="Cp1252"/>
    <property name="user.name" value="Bobby"/>
    <property name="java.class.path" value="E:\Program Files\apache-maven\apache-maven-3.3.3\bin\..\boot\plexus-classworlds-2.5.2.jar"/>
    <property name="java.vm.specification.version" value="1.8"/>
    <property name="sun.arch.data.model" value="64"/>
    <property name="java.home" value="C:\Program Files\Java\jdk1.8.0_45\jre"/>
    <property name="sun.java.command" value="org.codehaus.plexus.classworlds.launcher.Launcher clean install -Dbuild.version=1.0.0-SNAPSHOT"/>
    <property name="java.specification.vendor" value="Oracle Corporation"/>
    <property name="user.language" value="en"/>
    <property name="awt.toolkit" value="sun.awt.windows.WToolkit"/>
    <property name="java.vm.info" value="mixed mode"/>
    <property name="java.version" value="1.8.0_45"/>
    <property name="java.ext.dirs" value="C:\Program Files\Java\jdk1.8.0_45\jre\lib\ext;C:\WINDOWS\Sun\Java\lib\ext"/>
    <property name="sun.boot.class.path" value="C:\Program Files\Java\jdk1.8.0_45\jre\lib\resources.jar;C:\Program Files\Java\jdk1.8.0_45\jre\lib\rt.jar;C:\Program Files\Java\jdk1.8.0_45\jre\lib\sunrsasign.jar;C:\Program Files\Java\jdk1.8.0_45\jre\lib\jsse.jar;C:\Program Files\Java\jdk1.8.0_45\jre\lib\jce.jar;C:\Program Files\Java\jdk1.8.0_45\jre\lib\charsets.jar;C:\Program Files\Java\jdk1.8.0_45\jre\lib\jfr.jar;C:\Program Files\Java\jdk1.8.0_45\jre\classes"/>
    <property name="sun.stderr.encoding" value="cp437"/>
    <property name="java.vendor" value="Oracle Corporation"/>
    <property name="maven.home" value="E:\Program Files\apache-maven\apache-maven-3.3.3\bin\.."/>
    <property name="file.separator" value="\"/>
    <property name="java.vendor.url.bug" value="http://bugreport.sun.com/bugreport/"/>
    <property name="sun.cpu.endian" value="little"/>
    <property name="sun.io.unicode.encoding" value="UnicodeLittle"/>
    <property name="sun.stdout.encoding" value="cp437"/>
    <property name="sun.desktop" value="windows"/>
    <property name="sun.cpu.isalist" value="amd64"/>
  </properties>
  <testcase classname="com.ullink.slack.simpleslackapi.impl.TestAbstractSlackSessionImpl" name="testFindUserByUserName_ExistingBot" time="0.039"/>
  <testcase classname="com.ullink.slack.simpleslackapi.impl.TestAbstractSlackSessionImpl" name="testFindChannelById_MissingChannel" time="0"/>
  <testcase classname="com.ullink.slack.simpleslackapi.impl.TestAbstractSlackSessionImpl" name="testFindUserByUserName_MissingBot" time="0"/>
  <testcase classname="com.ullink.slack.simpleslackapi.impl.TestAbstractSlackSessionImpl" name="testRemoveConnectedListener" time="0.001"/>
  <testcase classname="com.ullink.slack.simpleslackapi.impl.TestAbstractSlackSessionImpl" name="testFindChannelByName_MissingChannel" time="0"/>
  <testcase classname="com.ullink.slack.simpleslackapi.impl.TestAbstractSlackSessionImpl" name="testFindUserById_MissingBot" time="0"/>
  <testcase classname="com.ullink.slack.simpleslackapi.impl.TestAbstractSlackSessionImpl" name="testFindBotById_MissingBot" time="0"/>
  <testcase classname="com.ullink.slack.simpleslackapi.impl.TestAbstractSlackSessionImpl" name="testFindUserById_ExistingBot" time="0.001"/>
  <testcase classname="com.ullink.slack.simpleslackapi.impl.TestAbstractSlackSessionImpl" name="testAddConnectedListener" time="0"/>
  <testcase classname="com.ullink.slack.simpleslackapi.impl.TestAbstractSlackSessionImpl" name="testFindBotById_ExistingBot" time="0.001"/>
  <testcase classname="com.ullink.slack.simpleslackapi.impl.TestAbstractSlackSessionImpl" name="testFindChannelByName_ExistingChannel" time="0"/>
  <testcase classname="com.ullink.slack.simpleslackapi.impl.TestAbstractSlackSessionImpl" name="testFindChannelById_ExistingChannel" time="0"/>
</testsuite>